<?xml version="1.0" encoding="utf-8"?><testsuites name="pytest tests"><testsuite name="pytest" errors="0" failures="0" skipped="2" tests="126" time="105.413" timestamp="2026-08-10T18:25:48.098456+08:00" hostname="LAPTOP-IJMRFI3N"><testcase classname="tests.agent.test_action_parser" name="test_T056_free_text_shell_unknown_action_and_extra_fields_are_rejected" time="0.001" /><testcase classname="tests.agent.test_cancellation" name="test_T067_cancel_stops_future_llm_calls_and_reaches_safe_state" time="1.147" /><testcase classname="tests.agent.test_completion_gate" name="test_T078_llm_complete_cannot_bypass_failed_validation_or_pending_approval" time="0.001" /><testcase classname="tests.agent.test_iteration" name="test_T066_read_action_flows_through_context_llm_parser_governance_dispatcher" time="1.331" /><testcase classname="tests.agent.test_repair_governance" name="test_T077_repair_touching_new_test_file_pauses_before_write" time="0.000" /><testcase classname="tests.agent.test_repair_loop" name="test_T076_first_patch_fails_second_patch_passes_with_two_distinct_diffs" time="1.121" /><testcase classname="tests.api.test_analysis_governance_api" name="test_T087_unconfirmed_proposal_cannot_run_governance" time="0.033" /><testcase classname="tests.api.test_approval_execution_api" name="test_T088_blocked_task_execute_returns_conflict_and_no_tool_call" time="0.013" /><testcase classname="tests.api.test_project_task_proposal_api" name="test_T086_project_task_proposal_routes_initially_404" time="0.030" /><testcase classname="tests.api.test_recovery_api" name="test_T089_recovery_required_blocks_execute_until_resolved" time="0.026" /><testcase classname="tests.api.test_replay_api" name="test_T092_file_change_reverse_trace_and_full_replay_are_complete" time="0.019" /><testcase classname="tests.api.test_sse" name="test_T090_sse_reconnects_without_missing_persisted_events" time="0.000" /><testcase classname="tests.approvals.test_decision" name="test_T048_fake_expired_or_cross_task_approval_is_rejected" time="1.265" /><testcase classname="tests.approvals.test_request" name="test_T047_block_creates_no_approval_and_warn_request_is_scope_bound" time="1.248" /><testcase classname="tests.config.test_loader" name="test_T005_task_config_cannot_relax_system_deny_rule" time="0.001" /><testcase classname="tests.context.test_context_builder" name="test_AC_FR03_01_context_is_minimal_and_preserves_governance_content" time="0.000" /><testcase classname="tests.context.test_token_budget" name="test_AC_FR03_03_over_budget_pauses_before_provider_call" time="1.113" /><testcase classname="tests.contracts.test_contracts" name="test_T004_unknown_action_and_extra_field_are_rejected" time="0.001" /><testcase classname="tests.contracts.test_contracts" name="test_T004_contracts_forbid_extra_fields" time="0.000" /><testcase classname="tests.contracts.test_contracts" name="test_T004_schema_snapshots_match" time="0.004" /><testcase classname="tests.contracts.test_contracts" name="test_T004_all_action_variants_validate" time="0.000" /><testcase classname="tests.contracts.test_contracts" name="test_T004_round_trip_contracts_and_error_codes" time="0.001" /><testcase classname="tests.contracts.test_contracts" name="test_T004_snapshot_drift_is_detectable" time="0.001" /><testcase classname="tests.contracts.test_contracts" name="test_T004_frontend_and_backend_enums_are_consistent" time="0.000" /><testcase classname="tests.credentials.test_store" name="test_T104_set_update_clear_never_persists_or_prints_secret" time="0.000" /><testcase classname="tests.db.test_session" name="test_T007_transaction_rolls_back_and_foreign_key_is_enforced" time="0.085" /><testcase classname="tests.db.test_session" name="test_T007_sqlite_connection_enables_wal_and_busy_timeout" time="0.036" /><testcase classname="tests.db.test_session" name="test_T007_database_settings_are_supplied_by_effective_config" time="0.042" /><testcase classname="tests.db.test_session" name="test_T007_alembic_uses_explicit_database_url_without_env" time="7.474" /><testcase classname="tests.e2e.test_E2E_01_02" name="test_E2E_01_normal_change_loop" time="2.698" /><testcase classname="tests.e2e.test_E2E_01_02" name="test_E2E_02_failed_then_repaired" time="3.747" /><testcase classname="tests.e2e.test_E2E_03_04" name="test_E2E_03_warn_approval_scope" time="1.141" /><testcase classname="tests.e2e.test_E2E_03_04" name="test_E2E_04_deny_hard" time="0.949" /><testcase classname="tests.e2e.test_E2E_05_06" name="test_E2E_05_stagnation" time="0.870" /><testcase classname="tests.e2e.test_E2E_05_06" name="test_E2E_06_cancel_rollback" time="0.952" /><testcase classname="tests.e2e.test_E2E_07_08" name="test_E2E_07_crash_recovery" time="0.984" /><testcase classname="tests.e2e.test_E2E_07_08" name="test_E2E_08_knowledge_freshness" time="0.922" /><testcase classname="tests.e2e.test_offline_determinism" name="test_T085_mock_harness_makes_zero_network_calls_and_is_deterministic" time="0.003" /><testcase classname="tests.evidence.test_bundle" name="test_T042_bundle_rejects_missing_or_cross_revision_evidence" time="0.001" /><testcase classname="tests.feedback.test_controller" name="test_T073_feedback_is_compact_actionable_and_secret_free" time="0.916" /><testcase classname="tests.git.test_git_service" name="test_T032_preserves_preexisting_changes_and_detects_external_modification" time="2.117" /><testcase classname="tests.governance.test_action_classifier" name="test_T045_outside_path_recursive_delete_and_validation_bypass_are_deny_or_warn" time="0.001" /><testcase classname="tests.governance.test_decision_service" name="test_AC_FR06_05_deny_hard_overrides_llm_allow_and_user_warn" time="1.216" /><testcase classname="tests.governance.test_regovernance" name="test_T052_new_file_scope_invalidates_policy_before_write" time="1.144" /><testcase classname="tests.governance.test_rule_loader" name="test_T044_project_rule_cannot_disable_system_deny_hard" time="1.001" /><testcase classname="tests.impact.test_direct_impact" name="test_T040_field_change_identifies_direct_dto_api_table_and_test_evidence" time="0.834" /><testcase classname="tests.impact.test_indirect_impact" name="test_T041_dependency_cycle_terminates_and_marks_uncertain_edges" time="0.819" /><testcase classname="tests.impact.test_report" name="test_T043_report_rejects_hallucinated_evidence_and_preserves_unknowns" time="0.921" /><testcase classname="tests.indexing.test_file_inventory" name="test_T028_dotenv_binary_large_and_symlink_escape_are_excluded" time="4.225"><skipped type="pytest.skip" message="symlink creation is not available in this environment">C:\Users\ww\Desktop\SE-w-mentor\backend\tests\indexing\test_file_inventory.py:35: symlink creation is not available in this environment</skipped></testcase><testcase classname="tests.indexing.test_python_indexer" name="test_T030_extracts_symbols_api_and_tests_and_handles_syntax_error" time="1.034" /><testcase classname="tests.indexing.test_relations" name="test_T031_direct_import_call_and_test_edges_are_created_without_false_cross_project_edges" time="0.970" /><testcase classname="tests.knowledge.test_conflicts" name="test_T038_conflicting_new_knowledge_does_not_overwrite_old_record" time="0.876" /><testcase classname="tests.knowledge.test_freshness" name="test_T037_changed_symbol_marks_knowledge_stale_and_blocks_auto_allow" time="0.958" /><testcase classname="tests.knowledge.test_promotion" name="test_T039_llm_candidate_without_evidence_cannot_be_verified" time="0.943" /><testcase classname="tests.knowledge.test_retrieval" name="test_T035_direct_path_verified_knowledge_ranks_before_stale_keyword_match" time="0.838" /><testcase classname="tests.knowledge.test_signature" name="test_T036_comment_only_change_keeps_ast_signature_but_logic_change_does_not" time="0.006" /><testcase classname="tests.knowledge.test_update_failure" name="test_T080_rolled_back_task_creates_failure_experience_not_verified_fact" time="0.001" /><testcase classname="tests.knowledge.test_update_success" name="test_T079_success_knowledge_uses_committed_diff_and_passed_validation" time="0.003" /><testcase classname="tests.llm.test_mock_provider" name="test_T053_undefined_mock_call_fails_and_script_is_deterministic" time="0.820" /><testcase classname="tests.llm.test_openai_provider" name="test_T054_provider_maps_auth_rate_limit_timeout_and_records_usage" time="0.001" /><testcase classname="tests.models.test_approval_policy_models" name="test_T013_approval_for_old_proposal_cannot_attach_to_new_policy" time="0.811" /><testcase classname="tests.models.test_approval_policy_models" name="test_T013_approval_history_and_block_policy_constraints" time="0.919" /><testcase classname="tests.models.test_audit_models" name="test_T018_audit_update_delete_is_rejected_and_alert_requires_task_or_system_scope" time="0.827" /><testcase classname="tests.models.test_audit_models" name="test_T018_alert_status_and_retention_doc" time="0.824" /><testcase classname="tests.models.test_code_index_models" name="test_T017_symbol_relation_cannot_cross_project_or_revision" time="0.874" /><testcase classname="tests.models.test_code_index_models" name="test_T017_index_identity_symbol_uniqueness_and_relation_types" time="0.819" /><testcase classname="tests.models.test_execution_models" name="test_T014_committed_transaction_requires_manifest_and_active_write_lock" time="0.850" /><testcase classname="tests.models.test_execution_models" name="test_T014_single_active_write_lock_and_file_change_traceability" time="0.818" /><testcase classname="tests.models.test_governance_models" name="test_T012_deny_hard_rule_cannot_be_overridable" time="0.834" /><testcase classname="tests.models.test_governance_models" name="test_T012_rule_hit_requires_existing_rule_and_retains_version" time="0.859" /><testcase classname="tests.models.test_governance_models" name="test_T012_impact_report_and_decision_bind_evidence_revision_and_hash" time="0.854" /><testcase classname="tests.models.test_governance_models" name="test_T012_decision_history_keeps_exact_rule_version_after_new_rule_version" time="0.845" /><testcase classname="tests.models.test_governance_models" name="test_T012_governance_schema_indexes_and_migration_match_the_orm" time="3.193" /><testcase classname="tests.models.test_governance_models" name="test_T012_governance_tables_do_not_add_secret_or_unbounded_dump_sinks" time="0.812" /><testcase classname="tests.models.test_knowledge_models" name="test_T016_unverified_llm_summary_cannot_be_verified_without_evidence" time="0.804" /><testcase classname="tests.models.test_knowledge_models" name="test_T016_sources_signatures_relations_and_project_boundary" time="0.841" /><testcase classname="tests.models.test_llm_action_models" name="test_T011_llm_call_requires_model_token_and_parse_status" time="0.886" /><testcase classname="tests.models.test_llm_action_models" name="test_T011_agent_action_round_trip_sequence_uniqueness_and_fk" time="0.820" /><testcase classname="tests.models.test_llm_action_models" name="test_T011_llm_and_action_reject_unbounded_prompt_and_secret_sinks" time="0.811" /><testcase classname="tests.models.test_llm_action_models" name="test_T011_migrated_schema_matches_the_orm" time="3.124" /><testcase classname="tests.models.test_project_models" name="test_T009_duplicate_project_path_and_plain_secret_are_rejected" time="0.817" /><testcase classname="tests.models.test_project_models" name="test_T009_project_round_trip_and_path_normalization" time="0.821" /><testcase classname="tests.models.test_project_models" name="test_T009_project_config_versions_round_trip_and_are_unique" time="0.810" /><testcase classname="tests.models.test_project_models" name="test_T009_credential_profile_round_trip_cascade_and_no_plaintext_sink" time="0.891" /><testcase classname="tests.models.test_task_models" name="test_T010_change_task_round_trip_status_fk_and_counts_are_constrained" time="0.818" /><testcase classname="tests.models.test_task_models" name="test_T010_proposal_v1_cannot_be_overwritten_and_negative_counts_fail" time="0.814" /><testcase classname="tests.models.test_task_models" name="test_T010_task_iteration_round_trip_and_numbers_are_constrained" time="0.804" /><testcase classname="tests.models.test_task_models" name="test_T010_task_schema_indexes_and_migration_match_the_orm" time="0.818" /><testcase classname="tests.models.test_validation_models" name="test_T015_passed_validation_requires_zero_exit_and_no_required_failure" time="0.846" /><testcase classname="tests.models.test_validation_models" name="test_T015_plan_version_run_order_and_shared_feedback_enums" time="0.823" /><testcase classname="tests.observability.test_logging_errors" name="test_T100_error_reports_side_effect_state_without_secret_and_all_logs_correlate" time="0.001" /><testcase classname="tests.policy.test_compiler" name="test_T049_warn_without_approval_produces_no_write_grant" time="0.809" /><testcase classname="tests.policy.test_enforcer" name="test_T051_dispatcher_cannot_execute_outside_policy_even_if_orchestrator_marks_allowed" time="0.812" /><testcase classname="tests.policy.test_grants" name="test_T050_grant_cannot_expand_scope_or_survive_revision_change" time="0.812" /><testcase classname="tests.progress.test_monitor" name="test_T068_rephrased_same_plan_is_not_progress_but_new_evidence_is" time="0.937" /><testcase classname="tests.progress.test_stagnation" name="test_AC_FR05_05_detects_semantic_stagnation" time="0.942" /><testcase classname="tests.projects.test_effective_config" name="test_AC_FR01_02_more_restrictive_config_wins_and_missing_required_blocks_task" time="0.821" /><testcase classname="tests.projects.test_project_registration" name="test_AC_FR01_01_rejects_non_git_outside_and_duplicate_project" time="3.290"><skipped type="pytest.skip" message="symlink creation is not available in this environment">C:\Users\ww\Desktop\SE-w-mentor\backend\tests\projects\test_project_registration.py:72: symlink creation is not available in this environment</skipped></testcase><testcase classname="tests.projects.test_toolchain_detector" name="test_T020_unknown_toolchain_is_reported_not_executed" time="0.003" /><testcase classname="tests.projects.test_toolchain_detector" name="test_T020_detects_python_typescript_mixed_and_limits" time="0.027" /><testcase classname="tests.proposals.test_completeness" name="test_AC_FR02_02_incomplete_proposal_cannot_enter_analysis" time="1.328" /><testcase classname="tests.proposals.test_proposal_generation" name="test_AC_FR02_01_generates_required_proposal_fields_without_side_effects" time="1.246" /><testcase classname="tests.proposals.test_proposal_versioning" name="test_AC_FR02_03_new_confirmed_proposal_supersedes_downstream_state" time="1.186" /><testcase classname="tests.readers.test_repository_read_tools" name="test_T029_read_search_reject_sensitive_and_return_line_evidence" time="0.276" /><testcase classname="tests.security.test_prompt_injection" name="test_T055_repository_instruction_cannot_grant_shell_or_reveal_secret" time="0.001" /><testcase classname="tests.security.test_secret_boundary" name="test_AC_SEC_05_child_process_cannot_read_llm_key" time="0.000" /><testcase classname="tests.security.test_secret_boundary" name="test_T006_child_env_is_case_insensitive_on_windows_names" time="0.001" /><testcase classname="tests.security.test_secret_boundary" name="test_T006_secret_never_in_repr_log_or_json" time="0.001" /><testcase classname="tests.tasks.test_task_state_machine" name="test_T024_created_cannot_jump_to_completed_and_blocked_cannot_execute" time="0.907" /><testcase classname="tests.test_scaffold" name="test_health_endpoint_returns_ok" time="0.007" /><testcase classname="tests.tools.test_apply_patch" name="test_T059_hash_conflict_and_pre_replace_crash_preserve_original_file" time="0.976" /><testcase classname="tests.tools.test_create_file" name="test_T060_create_existing_or_unapproved_file_is_rejected" time="1.158" /><testcase classname="tests.tools.test_delete_file" name="test_T061_delete_without_matching_grant_is_blocked_and_file_unchanged" time="0.924" /><testcase classname="tests.tools.test_dispatcher" name="test_T057_unregistered_or_denied_tool_never_calls_handler" time="0.853" /><testcase classname="tests.tools.test_git_tools" name="test_T063_git_tool_has_no_commit_push_or_write_side_effect" time="1.959" /><testcase classname="tests.tools.test_shell" name="test_T062_shell_injection_env_secret_cwd_escape_and_timeout_are_blocked" time="1.262" /><testcase classname="tests.transactions.test_prepare" name="test_T058_side_effect_requires_active_lock_transaction_and_baseline_manifest" time="1.406" /><testcase classname="tests.transactions.test_recovery" name="test_T065_restart_detects_unfinished_transaction_and_blocks_new_writer" time="1.193" /><testcase classname="tests.transactions.test_rollback" name="test_AC_FR07_10_rollback_preserves_existing_changes" time="1.045" /><testcase classname="tests.validation.test_evasion" name="test_T075_removed_assertions_skips_and_or_true_are_detected_before_completion" time="0.000" /><testcase classname="tests.validation.test_executor" name="test_T071_required_nonzero_exit_makes_plan_failed_and_records_artifact" time="0.829" /><testcase classname="tests.validation.test_failure_classifier" name="test_T072_distinguishes_code_failure_environment_failure_and_inconclusive" time="0.000" /><testcase classname="tests.validation.test_flaky" name="test_T074_same_revision_alternating_result_is_flaky_not_code_failure" time="0.003" /><testcase classname="tests.validation.test_planner" name="test_T070_api_schema_change_generates_contract_migration_and_unit_checks" time="0.843" /><testcase classname="tests.workspace.test_lock_acquire" name="test_AC_FR01_03_two_concurrent_writers_only_one_succeeds" time="0.854" /><testcase classname="tests.workspace.test_lock_lifecycle" name="test_T023_expired_lock_with_unfinished_transaction_blocks_new_writer" time="0.878" /></testsuite></testsuites>