<?xml version="1.0" encoding="utf-8"?><testsuites name="pytest tests"><testsuite name="pytest" errors="0" failures="0" skipped="0" tests="8" time="0.491" timestamp="2026-08-10T18:20:16.713523+08:00" hostname="LAPTOP-IJMRFI3N"><testcase classname="tests.observability.test_logging_errors" name="test_T100_error_reports_side_effect_state_without_secret_and_all_logs_correlate" time="0.001" /><testcase classname="tests.api.test_project_task_proposal_api" name="test_T086_project_task_proposal_routes_initially_404" time="0.036" /><testcase classname="tests.api.test_analysis_governance_api" name="test_T087_unconfirmed_proposal_cannot_run_governance" time="0.040" /><testcase classname="tests.api.test_approval_execution_api" name="test_T088_blocked_task_execute_returns_conflict_and_no_tool_call" time="0.013" /><testcase classname="tests.api.test_recovery_api" name="test_T089_recovery_required_blocks_execute_until_resolved" time="0.021" /><testcase classname="tests.api.test_sse" name="test_T090_sse_reconnects_without_missing_persisted_events" time="0.000" /><testcase classname="tests.api.test_replay_api" name="test_T092_file_change_reverse_trace_and_full_replay_are_complete" time="0.018" /><testcase classname="tests.credentials.test_store" name="test_T104_set_update_clear_never_persists_or_prints_secret" time="0.001" /></testsuite></testsuites>