<?xml version="1.0" encoding="utf-8"?><testsuites name="pytest tests"><testsuite name="pytest" errors="0" failures="0" skipped="0" tests="11" time="0.131" timestamp="2026-08-05T12:35:56.428212+08:00" hostname="LAPTOP-IJMRFI3N"><testcase classname="" name="test_T000_all_OQ_have_decision_and_owner" time="0.007" /><testcase classname="" name="test_T001_all_p0_requirements_have_task_test_evidence" time="0.001" /><testcase classname="" name="test_T001_missing_mapping_returns_nonzero" time="0.007" /><testcase classname="" name="test_T001_duplicate_primary_task_returns_nonzero" time="0.003" /><testcase classname="tests.contracts.test_contracts" name="test_T004_unknown_action_and_extra_field_are_rejected" time="0.001" /><testcase classname="tests.contracts.test_contracts" name="test_T004_contracts_forbid_extra_fields" time="0.000" /><testcase classname="tests.contracts.test_contracts" name="test_T004_schema_snapshots_match" time="0.003" /><testcase classname="tests.contracts.test_contracts" name="test_T004_all_action_variants_validate" time="0.000" /><testcase classname="tests.contracts.test_contracts" name="test_T004_round_trip_contracts_and_error_codes" time="0.001" /><testcase classname="tests.contracts.test_contracts" name="test_T004_snapshot_drift_is_detectable" time="0.002" /><testcase classname="tests.contracts.test_contracts" name="test_T004_frontend_and_backend_enums_are_consistent" time="0.001" /></testsuite></testsuites>