<?xml version="1.0" encoding="utf-8"?><testsuites name="pytest tests"><testsuite name="pytest" errors="0" failures="0" skipped="0" tests="9" time="13.981" timestamp="2026-08-10T15:36:50.994779+08:00" hostname="LAPTOP-IJMRFI3N"><testcase classname="tests.e2e.test_E2E_01_02" name="test_E2E_01_normal_change_loop" time="1.775" /><testcase classname="tests.e2e.test_E2E_01_02" name="test_E2E_02_failed_then_repaired" time="1.949" /><testcase classname="tests.e2e.test_E2E_03_04" name="test_E2E_03_warn_approval_scope" time="1.354" /><testcase classname="tests.e2e.test_E2E_03_04" name="test_E2E_04_deny_hard" time="1.337" /><testcase classname="tests.e2e.test_E2E_05_06" name="test_E2E_05_stagnation" time="1.585" /><testcase classname="tests.e2e.test_E2E_05_06" name="test_E2E_06_cancel_rollback" time="1.809" /><testcase classname="tests.e2e.test_E2E_07_08" name="test_E2E_07_crash_recovery" time="1.856" /><testcase classname="tests.e2e.test_E2E_07_08" name="test_E2E_08_knowledge_freshness" time="1.832" /><testcase classname="tests.e2e.test_offline_determinism" name="test_T085_mock_harness_makes_zero_network_calls_and_is_deterministic" time="0.002" /></testsuite></testsuites>