<?xml version="1.0" encoding="utf-8"?><testsuites name="pytest tests"><testsuite name="pytest" errors="0" failures="0" skipped="0" tests="7" time="1.421" timestamp="2026-08-10T14:35:29.673149+08:00" hostname="LAPTOP-IJMRFI3N"><testcase classname="tests.validation.test_flaky" name="test_T074_same_revision_alternating_result_is_flaky_not_code_failure" time="0.008" /><testcase classname="tests.validation.test_evasion" name="test_T075_removed_assertions_skips_and_or_true_are_detected_before_completion" time="0.001" /><testcase classname="tests.agent.test_repair_loop" name="test_T076_first_patch_fails_second_patch_passes_with_two_distinct_diffs" time="1.036" /><testcase classname="tests.agent.test_repair_governance" name="test_T077_repair_touching_new_test_file_pauses_before_write" time="0.000" /><testcase classname="tests.agent.test_completion_gate" name="test_T078_llm_complete_cannot_bypass_failed_validation_or_pending_approval" time="0.000" /><testcase classname="tests.knowledge.test_update_success" name="test_T079_success_knowledge_uses_committed_diff_and_passed_validation" time="0.004" /><testcase classname="tests.knowledge.test_update_failure" name="test_T080_rolled_back_task_creates_failure_experience_not_verified_fact" time="0.001" /></testsuite></testsuites>