<?xml version="1.0" encoding="utf-8"?><testsuites name="pytest tests"><testsuite name="pytest" errors="0" failures="0" skipped="0" tests="9" time="0.063" timestamp="2026-08-05T12:48:45.659199+08:00" hostname="LAPTOP-IJMRFI3N"><testcase classname="tests.meta.test_traceability" name="test_T001_all_p0_requirements_have_task_test_evidence" time="0.003" /><testcase classname="tests.meta.test_traceability" name="test_T001_rejects_pseudo_primary_task_ids" time="0.011" /><testcase classname="tests.meta.test_traceability" name="test_T001_rejects_duplicate_requirement_primary_rows" time="0.003" /><testcase classname="tests.meta.test_traceability" name="test_T001_rejects_invalid_status" time="0.003" /><testcase classname="tests.meta.test_traceability" name="test_T001_planned_rows_allow_future_paths" time="0.004" /><testcase classname="tests.meta.test_traceability" name="test_T001_verified_rows_require_existing_test_and_evidence" time="0.004" /><testcase classname="tests.meta.test_traceability" name="test_T115_release_gate_requires_all_p0_requirements_verified" time="0.004" /><testcase classname="tests.meta.test_traceability" name="test_T001_missing_mapping_returns_nonzero" time="0.003" /><testcase classname="tests.meta.test_traceability" name="test_T001_duplicate_primary_task_returns_nonzero" time="0.005" /></testsuite></testsuites>