<?xml version="1.0" encoding="utf-8"?><testsuites name="pytest tests"><testsuite name="pytest" errors="0" failures="0" skipped="0" tests="3" time="0.036" timestamp="2026-08-05T11:53:19.157058+08:00" hostname="LAPTOP-IJMRFI3N"><testcase classname="tests.meta.test_traceability" name="test_T001_all_p0_requirements_have_task_test_evidence" time="0.001" /><testcase classname="tests.meta.test_traceability" name="test_T001_missing_mapping_returns_nonzero" time="0.015" /><testcase classname="tests.meta.test_traceability" name="test_T001_duplicate_primary_task_returns_nonzero" time="0.003" /></testsuite></testsuites>