<?xml version="1.0" encoding="utf-8"?><testsuites name="pytest tests"><testsuite name="pytest" errors="0" failures="0" skipped="0" tests="4" time="0.033" timestamp="2026-08-07T13:40:59.016889+08:00" hostname="LAPTOP-IJMRFI3N"><testcase classname="tests.meta.test_quality_commands" name="test_T003_uses_current_python_interpreter" time="0.001" /><testcase classname="tests.meta.test_quality_commands" name="test_T003_propagates_child_failure" time="0.000" /><testcase classname="tests.meta.test_quality_commands" name="test_T003_uses_frontend_working_directory" time="0.000" /><testcase classname="tests.meta.test_quality_commands" name="test_T003_reports_missing_python_tool_actionably" time="0.001" /></testsuite></testsuites>