<?xml version="1.0" encoding="utf-8"?><testsuites name="pytest tests"><testsuite name="pytest" errors="0" failures="0" skipped="0" tests="3" time="0.110" timestamp="2026-08-05T11:38:32.519118+08:00" hostname="LAPTOP-IJMRFI3N"><testcase classname="tests.contracts.test_contracts" name="test_T004_unknown_action_and_extra_field_are_rejected" time="0.001" /><testcase classname="tests.contracts.test_contracts" name="test_T004_contracts_forbid_extra_fields" time="0.000" /><testcase classname="tests.contracts.test_contracts" name="test_T004_schema_snapshots_match" time="0.006" /></testsuite></testsuites>