<?xml version="1.0" encoding="utf-8"?><testsuites name="pytest tests"><testsuite name="pytest" errors="0" failures="0" skipped="0" tests="7" time="0.133" timestamp="2026-08-05T12:22:04.050642+08:00" hostname="LAPTOP-IJMRFI3N"><testcase classname="tests.contracts.test_contracts" name="test_T004_unknown_action_and_extra_field_are_rejected" time="0.001" /><testcase classname="tests.contracts.test_contracts" name="test_T004_contracts_forbid_extra_fields" time="0.000" /><testcase classname="tests.contracts.test_contracts" name="test_T004_schema_snapshots_match" time="0.005" /><testcase classname="tests.contracts.test_contracts" name="test_T004_all_action_variants_validate" time="0.000" /><testcase classname="tests.contracts.test_contracts" name="test_T004_round_trip_contracts_and_error_codes" time="0.001" /><testcase classname="tests.contracts.test_contracts" name="test_T004_snapshot_drift_is_detectable" time="0.002" /><testcase classname="tests.contracts.test_contracts" name="test_T004_frontend_and_backend_enums_are_consistent" time="0.001" /></testsuite></testsuites>