<?xml version="1.0" encoding="utf-8"?><testsuites name="pytest tests"><testsuite name="pytest" errors="0" failures="0" skipped="0" tests="2" time="0.025" timestamp="2026-08-07T13:05:15.948896+08:00" hostname="LAPTOP-IJMRFI3N"><testcase classname="tests.security.test_secret_boundary" name="test_AC_SEC_05_child_process_cannot_read_llm_key" time="0.001" /><testcase classname="tests.security.test_secret_boundary" name="test_T006_secret_never_in_repr_log_or_json" time="0.001" /></testsuite></testsuites>