<?xml version="1.0" encoding="utf-8"?><testsuites name="pytest tests"><testsuite name="pytest" errors="0" failures="0" skipped="0" tests="4" time="0.649" timestamp="2026-08-07T15:48:25.658554+08:00" hostname="LAPTOP-IJMRFI3N"><testcase classname="tests.models.test_project_models" name="test_T009_duplicate_project_path_and_plain_secret_are_rejected" time="0.091" /><testcase classname="tests.models.test_project_models" name="test_T009_project_round_trip_and_path_normalization" time="0.080" /><testcase classname="tests.models.test_project_models" name="test_T009_project_config_versions_round_trip_and_are_unique" time="0.078" /><testcase classname="tests.models.test_project_models" name="test_T009_credential_profile_round_trip_cascade_and_no_plaintext_sink" time="0.113" /></testsuite></testsuites>