<?xml version="1.0" encoding="utf-8"?><testsuites name="pytest tests"><testsuite name="pytest" errors="0" failures="0" skipped="0" tests="4" time="0.935" timestamp="2026-08-07T23:21:09.722401+08:00" hostname="LAPTOP-IJMRFI3N"><testcase classname="tests.models.test_task_models" name="test_T010_change_task_round_trip_status_fk_and_counts_are_constrained" time="0.175" /><testcase classname="tests.models.test_task_models" name="test_T010_proposal_v1_cannot_be_overwritten_and_negative_counts_fail" time="0.141" /><testcase classname="tests.models.test_task_models" name="test_T010_task_iteration_round_trip_and_numbers_are_constrained" time="0.149" /><testcase classname="tests.models.test_task_models" name="test_T010_task_schema_indexes_and_migration_match_the_orm" time="0.133" /></testsuite></testsuites>