<?xml version="1.0" encoding="utf-8"?><testsuites name="pytest tests"><testsuite name="pytest" errors="0" failures="0" skipped="0" tests="4" time="1.951" timestamp="2026-08-08T00:02:28.173103+08:00" hostname="LAPTOP-IJMRFI3N"><testcase classname="tests.models.test_llm_action_models" name="test_T011_llm_call_requires_model_token_and_parse_status" time="0.243" /><testcase classname="tests.models.test_llm_action_models" name="test_T011_agent_action_round_trip_sequence_uniqueness_and_fk" time="0.230" /><testcase classname="tests.models.test_llm_action_models" name="test_T011_llm_and_action_reject_unbounded_prompt_and_secret_sinks" time="0.233" /><testcase classname="tests.models.test_llm_action_models" name="test_T011_migrated_schema_matches_the_orm" time="0.814" /></testsuite></testsuites>