<?xml version="1.0" encoding="utf-8"?><testsuites name="pytest tests"><testsuite name="pytest" errors="0" failures="0" skipped="0" tests="6" time="4.026" timestamp="2026-08-08T00:36:47.357509+08:00" hostname="LAPTOP-IJMRFI3N"><testcase classname="tests.models.test_governance_models" name="test_T012_deny_hard_rule_cannot_be_overridable" time="0.456" /><testcase classname="tests.models.test_governance_models" name="test_T012_rule_hit_requires_existing_rule_and_retains_version" time="0.359" /><testcase classname="tests.models.test_governance_models" name="test_T012_impact_report_and_decision_bind_evidence_revision_and_hash" time="0.417" /><testcase classname="tests.models.test_governance_models" name="test_T012_decision_history_keeps_exact_rule_version_after_new_rule_version" time="0.409" /><testcase classname="tests.models.test_governance_models" name="test_T012_governance_schema_indexes_and_migration_match_the_orm" time="1.530" /><testcase classname="tests.models.test_governance_models" name="test_T012_governance_tables_do_not_add_secret_or_unbounded_dump_sinks" time="0.453" /></testsuite></testsuites>