<?xml version="1.0" encoding="utf-8"?><testsuites name="pytest tests"><testsuite name="pytest" errors="0" failures="0" skipped="0" tests="2" time="2.414" timestamp="2026-08-08T08:45:45.491062+08:00" hostname="LAPTOP-IJMRFI3N"><testcase classname="tests.models.test_approval_policy_models" name="test_T013_approval_for_old_proposal_cannot_attach_to_new_policy" time="1.064" /><testcase classname="tests.models.test_approval_policy_models" name="test_T013_approval_history_and_block_policy_constraints" time="0.991" /></testsuite></testsuites>