<?xml version="1.0" encoding="utf-8"?><testsuites name="pytest tests"><testsuite name="pytest" errors="0" failures="0" skipped="0" tests="2" time="2.463" timestamp="2026-08-08T08:45:55.788676+08:00" hostname="LAPTOP-IJMRFI3N"><testcase classname="tests.models.test_execution_models" name="test_T014_committed_transaction_requires_manifest_and_active_write_lock" time="1.008" /><testcase classname="tests.models.test_execution_models" name="test_T014_single_active_write_lock_and_file_change_traceability" time="1.090" /></testsuite></testsuites>