<?xml version="1.0" encoding="utf-8"?><testsuites name="pytest tests"><testsuite name="pytest" errors="0" failures="0" skipped="0" tests="2" time="2.344" timestamp="2026-08-08T08:46:07.887557+08:00" hostname="LAPTOP-IJMRFI3N"><testcase classname="tests.models.test_validation_models" name="test_T015_passed_validation_requires_zero_exit_and_no_required_failure" time="0.998" /><testcase classname="tests.models.test_validation_models" name="test_T015_plan_version_run_order_and_shared_feedback_enums" time="0.990" /></testsuite></testsuites>