<?xml version="1.0" encoding="utf-8"?><testsuites name="pytest tests"><testsuite name="pytest" errors="0" failures="0" skipped="0" tests="2" time="2.318" timestamp="2026-08-08T08:46:57.692727+08:00" hostname="LAPTOP-IJMRFI3N"><testcase classname="tests.models.test_knowledge_models" name="test_T016_unverified_llm_summary_cannot_be_verified_without_evidence" time="0.955" /><testcase classname="tests.models.test_knowledge_models" name="test_T016_sources_signatures_relations_and_project_boundary" time="1.020" /></testsuite></testsuites>