<?xml version="1.0" encoding="utf-8"?><testsuites name="pytest tests"><testsuite name="pytest" errors="0" failures="0" skipped="0" tests="2" time="2.328" timestamp="2026-08-08T08:47:06.490826+08:00" hostname="LAPTOP-IJMRFI3N"><testcase classname="tests.models.test_code_index_models" name="test_T017_symbol_relation_cannot_cross_project_or_revision" time="0.980" /><testcase classname="tests.models.test_code_index_models" name="test_T017_index_identity_symbol_uniqueness_and_relation_types" time="0.993" /></testsuite></testsuites>