<?xml version="1.0" encoding="utf-8"?><testsuites name="pytest tests"><testsuite name="pytest" errors="0" failures="0" skipped="0" tests="2" time="2.572" timestamp="2026-08-08T08:55:27.842268+08:00" hostname="LAPTOP-IJMRFI3N"><testcase classname="tests.models.test_audit_models" name="test_T018_audit_update_delete_is_rejected_and_alert_requires_task_or_system_scope" time="1.163" /><testcase classname="tests.models.test_audit_models" name="test_T018_alert_status_and_retention_doc" time="1.014" /></testsuite></testsuites>