<?xml version="1.0" encoding="utf-8"?><testsuites name="pytest tests"><testsuite name="pytest" errors="0" failures="0" skipped="1" tests="1" time="3.893" timestamp="2026-08-08T15:10:55.910621+08:00" hostname="LAPTOP-IJMRFI3N"><testcase classname="tests.projects.test_project_registration" name="test_AC_FR01_01_rejects_non_git_outside_and_duplicate_project" time="3.504"><skipped type="pytest.skip" message="symlink creation is not available in this environment">C:\Users\ww\Desktop\SE-w-mentor\backend\tests\projects\test_project_registration.py:68: symlink creation is not available in this environment</skipped></testcase></testsuite></testsuites>