<?xml version="1.0" encoding="utf-8"?><testsuites name="pytest tests"><testsuite name="pytest" errors="0" failures="0" skipped="0" tests="2" time="0.068" timestamp="2026-08-08T15:08:33.934539+08:00" hostname="LAPTOP-IJMRFI3N"><testcase classname="tests.projects.test_toolchain_detector" name="test_T020_unknown_toolchain_is_reported_not_executed" time="0.012" /><testcase classname="tests.projects.test_toolchain_detector" name="test_T020_detects_python_typescript_mixed_and_limits" time="0.014" /></testsuite></testsuites>