<?xml version="1.0" encoding="utf-8"?><testsuites name="pytest tests"><testsuite name="pytest" errors="0" failures="0" skipped="1" tests="1" time="0.403" timestamp="2026-08-08T15:11:20.369018+08:00" hostname="LAPTOP-IJMRFI3N"><testcase classname="tests.indexing.test_file_inventory" name="test_T028_dotenv_binary_large_and_symlink_escape_are_excluded" time="0.340"><skipped type="pytest.skip" message="symlink creation is not available in this environment">C:\Users\ww\Desktop\SE-w-mentor\backend\tests\indexing\test_file_inventory.py:35: symlink creation is not available in this environment</skipped></testcase></testsuite></testsuites>