<?xml version="1.0" encoding="utf-8"?><testsuites name="pytest tests"><testsuite name="pytest" errors="0" failures="0" skipped="0" tests="2" time="0.439" timestamp="2026-08-10T22:59:56.607097+08:00" hostname="LAPTOP-IJMRFI3N"><testcase classname="tests.api.test_project_task_proposal_api" name="test_T086_project_task_proposal_routes_initially_404" time="0.029" /><testcase classname="tests.api.test_t094_project_task_proposal_flow" name="test_T094_project_task_list_and_proposal_review_contract" time="0.038" /></testsuite></testsuites>