<?xml version="1.0" encoding="utf-8"?><testsuites name="pytest tests"><testsuite name="pytest" errors="0" failures="0" skipped="0" tests="2" time="0.477" timestamp="2026-08-10T23:15:05.705353+08:00" hostname="LAPTOP-IJMRFI3N"><testcase classname="tests.api.test_analysis_governance_api" name="test_T087_unconfirmed_proposal_cannot_run_governance" time="0.047" /><testcase classname="tests.api.test_t095_governance_contract" name="test_T095_governance_exposes_facts_inference_unknowns_and_three_decisions" time="0.050" /></testsuite></testsuites>