<?xml version="1.0" encoding="utf-8"?><testsuites name="pytest tests"><testsuite name="pytest" errors="0" failures="0" skipped="0" tests="3" time="0.428" timestamp="2026-08-10T23:33:05.846367+08:00" hostname="LAPTOP-IJMRFI3N"><testcase classname="tests.api.test_approval_execution_api" name="test_T088_blocked_task_execute_returns_conflict_and_no_tool_call" time="0.022" /><testcase classname="tests.api.test_sse" name="test_T090_sse_reconnects_without_missing_persisted_events" time="0.000" /><testcase classname="tests.api.test_t096_execution_events_contract" name="test_T096_approval_execution_cancel_and_events_contract" time="0.043" /></testsuite></testsuites>