<?xml version="1.0" encoding="utf-8"?><testsuites name="pytest tests"><testsuite name="pytest" errors="0" failures="0" skipped="0" tests="10" time="0.886" timestamp="2026-08-10T23:56:46.306053+08:00" hostname="LAPTOP-IJMRFI3N"><testcase classname="tests.api.test_t096_corrective_authority" name="test_T096_corrective_approval_uses_authoritative_grant_and_policy" time="0.020" /><testcase classname="tests.api.test_t096_corrective_authority" name="test_T096_corrective_execute_uses_lock_and_runtime_authority" time="0.039" /><testcase classname="tests.api.test_t096_corrective_authority" name="test_T096_corrective_cancel_uses_runtime_cancel_without_terminal_state" time="0.020" /><testcase classname="tests.api.test_t096_corrective_authority" name="test_T096_corrective_hard_block_cannot_be_approved_or_executed" time="0.025" /><testcase classname="tests.api.test_t096_corrective_authority" name="test_T096_corrective_backend_approval_authority_calls_grant_service" time="0.001" /><testcase classname="tests.api.test_t096_corrective_authority" name="test_T096_corrective_backend_execution_authority_calls_lock_and_runtime" time="0.001" /><testcase classname="tests.api.test_t096_corrective_authority" name="test_T096_corrective_backend_cancel_calls_agent_runtime_request_cancel" time="0.001" /><testcase classname="tests.api.test_approval_execution_api" name="test_T088_blocked_task_execute_returns_conflict_and_no_tool_call" time="0.017" /><testcase classname="tests.api.test_sse" name="test_T090_sse_reconnects_without_missing_persisted_events" time="0.000" /><testcase classname="tests.api.test_t096_execution_events_contract" name="test_T096_approval_execution_cancel_and_events_contract" time="0.101" /></testsuite></testsuites>