<?xml version="1.0" encoding="utf-8"?><testsuites name="pytest tests"><testsuite name="pytest" errors="0" failures="0" skipped="0" tests="2" time="0.843" timestamp="2026-08-11T00:05:21.745419+08:00" hostname="LAPTOP-IJMRFI3N"><testcase classname="tests.api.test_recovery_api" name="test_T089_recovery_required_blocks_execute_until_resolved" time="0.033" /><testcase classname="tests.api.test_replay_api" name="test_T092_file_change_reverse_trace_and_full_replay_are_complete" time="0.025" /></testsuite></testsuites>